<?xml version="1.0" encoding="UTF-8"?>
<testsuite xmlns:xsi="http://www.w3.org/2001/XMLSchema-instance" xsi:noNamespaceSchemaLocation="https://maven.apache.org/surefire/maven-surefire-plugin/xsd/surefire-test-report.xsd" name="com.paypal.bookingservFunctionalTests.BookingControllerTest" time="0.19" tests="3" errors="1" skipped="0" failures="0">
  <properties>
[...]
</properties>
  <testcase name="getAllBookingResourceShouldReturnAllResources" classname="com.paypal.bookingservFunctionalTests.BookingControllerTest" time="0.003"/>
  <testcase name="bookingResourceReturnsSuccessfulResponse" classname="com.paypal.bookingservFunctionalTests.BookingControllerTest" time="0.009">
    <error message="Cannot invoke &quot;org.springframework.boot.test.web.client.TestRestTemplate.postForObject(String, Object, java.lang.Class, Object[])&quot; because &quot;this.restTemplate&quot; is null" type="java.lang.NullPointerException">java.lang.NullPointerException: Cannot invoke "org.springframework.boot.test.web.client.TestRestTemplate.postForObject(String, Object, java.lang.Class, Object[])" because "this.restTemplate" is null
	at com.paypal.bookingservFunctionalTests.BookingControllerTest.bookingResourceReturnsSuccessfulResponse(BookingControllerTest.java:43)
</error>
  </testcase>
  <testcase name="bookingResourceReturnsErrorOnDuplicateResourceCreation" classname="com.paypal.bookingservFunctionalTests.BookingControllerTest" time="0"/>
</testsuite>